Started GET "/courses/index" for 127.0.0.1 at 2018-12-15 01:55:07 +0530
  
ActionController::RoutingError (No route matches [GET] "/courses/index"):
  
actionpack (5.2.2) lib/action_dispatch/middleware/debug_exceptions.rb:65:in `call'
web-console (3.7.0) lib/web_console/middleware.rb:135:in `call_app'
web-console (3.7.0) lib/web_console/middleware.rb:30:in `block in call'
web-console (3.7.0) lib/web_console/middleware.rb:20:in `catch'
web-console (3.7.0) lib/web_console/middleware.rb:20:in `call'
actionpack (5.2.2) lib/action_dispatch/middleware/show_exceptions.rb:33:in `call'
railties (5.2.2) lib/rails/rack/logger.rb:38:in `call_app'
railties (5.2.2) lib/rails/rack/logger.rb:26:in `block in call'
activesupport (5.2.2) lib/active_support/tagged_logging.rb:71:in `block in tagged'
activesupport (5.2.2) lib/active_support/tagged_logging.rb:28:in `tagged'
activesupport (5.2.2) lib/active_support/tagged_logging.rb:71:in `tagged'
railties (5.2.2) lib/rails/rack/logger.rb:26:in `call'
sprockets-rails (3.2.1) lib/sprockets/rails/quiet_assets.rb:13:in `call'
actionpack (5.2.2) lib/action_dispatch/middleware/remote_ip.rb:81:in `call'
actionpack (5.2.2) lib/action_dispatch/middleware/request_id.rb:27:in `call'
rack (2.0.6) lib/rack/method_override.rb:22:in `call'
rack (2.0.6) lib/rack/runtime.rb:22:in `call'
activesupport (5.2.2) lib/active_support/cache/strategy/local_cache_middleware.rb:29:in `call'
actionpack (5.2.2) lib/action_dispatch/middleware/executor.rb:14:in `call'
actionpack (5.2.2) lib/action_dispatch/middleware/static.rb:127:in `call'
rack (2.0.6) lib/rack/sendfile.rb:111:in `call'
railties (5.2.2) lib/rails/engine.rb:524:in `call'
puma (3.12.0) lib/puma/configuration.rb:225:in `call'
puma (3.12.0) lib/puma/server.rb:658:in `handle_request'
puma (3.12.0) lib/puma/server.rb:472:in `process_client'
puma (3.12.0) lib/puma/server.rb:332:in `block in run'
puma (3.12.0) lib/puma/thread_pool.rb:133:in `block in spawn_thread'
Started GET "/" for 127.0.0.1 at 2018-12-15 01:55:13 +0530
Processing by Rails::WelcomeController#index as HTML
  Rendering /var/lib/gems/2.3.0/gems/railties-5.2.2/lib/rails/templates/rails/welcome/index.html.erb
  Rendered /var/lib/gems/2.3.0/gems/railties-5.2.2/lib/rails/templates/rails/welcome/index.html.erb (3.9ms)
Completed 200 OK in 8ms (Views: 6.5ms | ActiveRecord: 0.0ms)


<<<<<<< HEAD
Started GET "/users/sign_up" for 127.0.0.1 at 2018-12-15 22:30:47 +0530
  
ActionController::RoutingError (No route matches [GET] "/users/sign_up"):
=======
Started GET "/" for 127.0.0.1 at 2018-12-15 02:04:43 +0530
Processing by Rails::WelcomeController#index as HTML
  Rendering /var/lib/gems/2.3.0/gems/railties-5.2.2/lib/rails/templates/rails/welcome/index.html.erb
  Rendered /var/lib/gems/2.3.0/gems/railties-5.2.2/lib/rails/templates/rails/welcome/index.html.erb (6.3ms)
Completed 200 OK in 17ms (Views: 8.6ms | ActiveRecord: 0.0ms)


Started GET "/" for 127.0.0.1 at 2018-12-15 02:06:09 +0530
Processing by Rails::WelcomeController#index as HTML
  Rendering /var/lib/gems/2.3.0/gems/railties-5.2.2/lib/rails/templates/rails/welcome/index.html.erb
  Rendered /var/lib/gems/2.3.0/gems/railties-5.2.2/lib/rails/templates/rails/welcome/index.html.erb (3.3ms)
Completed 200 OK in 7ms (Views: 5.4ms | ActiveRecord: 0.0ms)


Started GET "/pages" for 127.0.0.1 at 2018-12-15 02:06:15 +0530
  
ActionController::RoutingError (No route matches [GET] "/pages"):
>>>>>>> users
  
actionpack (5.2.2) lib/action_dispatch/middleware/debug_exceptions.rb:65:in `call'
web-console (3.7.0) lib/web_console/middleware.rb:135:in `call_app'
web-console (3.7.0) lib/web_console/middleware.rb:30:in `block in call'
web-console (3.7.0) lib/web_console/middleware.rb:20:in `catch'
web-console (3.7.0) lib/web_console/middleware.rb:20:in `call'
actionpack (5.2.2) lib/action_dispatch/middleware/show_exceptions.rb:33:in `call'
railties (5.2.2) lib/rails/rack/logger.rb:38:in `call_app'
railties (5.2.2) lib/rails/rack/logger.rb:26:in `block in call'
activesupport (5.2.2) lib/active_support/tagged_logging.rb:71:in `block in tagged'
activesupport (5.2.2) lib/active_support/tagged_logging.rb:28:in `tagged'
activesupport (5.2.2) lib/active_support/tagged_logging.rb:71:in `tagged'
railties (5.2.2) lib/rails/rack/logger.rb:26:in `call'
sprockets-rails (3.2.1) lib/sprockets/rails/quiet_assets.rb:13:in `call'
actionpack (5.2.2) lib/action_dispatch/middleware/remote_ip.rb:81:in `call'
actionpack (5.2.2) lib/action_dispatch/middleware/request_id.rb:27:in `call'
rack (2.0.6) lib/rack/method_override.rb:22:in `call'
rack (2.0.6) lib/rack/runtime.rb:22:in `call'
activesupport (5.2.2) lib/active_support/cache/strategy/local_cache_middleware.rb:29:in `call'
actionpack (5.2.2) lib/action_dispatch/middleware/executor.rb:14:in `call'
actionpack (5.2.2) lib/action_dispatch/middleware/static.rb:127:in `call'
rack (2.0.6) lib/rack/sendfile.rb:111:in `call'
railties (5.2.2) lib/rails/engine.rb:524:in `call'
puma (3.12.0) lib/puma/configuration.rb:225:in `call'
puma (3.12.0) lib/puma/server.rb:658:in `handle_request'
puma (3.12.0) lib/puma/server.rb:472:in `process_client'
puma (3.12.0) lib/puma/server.rb:332:in `block in run'
puma (3.12.0) lib/puma/thread_pool.rb:133:in `block in spawn_thread'
<<<<<<< HEAD
Started GET "/" for 127.0.0.1 at 2018-12-15 22:30:54 +0530
Processing by Rails::WelcomeController#index as HTML
  Rendering /var/lib/gems/2.3.0/gems/railties-5.2.2/lib/rails/templates/rails/welcome/index.html.erb
  Rendered /var/lib/gems/2.3.0/gems/railties-5.2.2/lib/rails/templates/rails/welcome/index.html.erb (2.7ms)
Completed 200 OK in 94ms (Views: 4.5ms | ActiveRecord: 0.0ms)


Started GET "/courses/index" for 127.0.0.1 at 2018-12-15 22:31:01 +0530
  
ActionController::RoutingError (No route matches [GET] "/courses/index"):
  
actionpack (5.2.2) lib/action_dispatch/middleware/debug_exceptions.rb:65:in `call'
web-console (3.7.0) lib/web_console/middleware.rb:135:in `call_app'
web-console (3.7.0) lib/web_console/middleware.rb:30:in `block in call'
web-console (3.7.0) lib/web_console/middleware.rb:20:in `catch'
web-console (3.7.0) lib/web_console/middleware.rb:20:in `call'
actionpack (5.2.2) lib/action_dispatch/middleware/show_exceptions.rb:33:in `call'
railties (5.2.2) lib/rails/rack/logger.rb:38:in `call_app'
railties (5.2.2) lib/rails/rack/logger.rb:26:in `block in call'
activesupport (5.2.2) lib/active_support/tagged_logging.rb:71:in `block in tagged'
activesupport (5.2.2) lib/active_support/tagged_logging.rb:28:in `tagged'
activesupport (5.2.2) lib/active_support/tagged_logging.rb:71:in `tagged'
railties (5.2.2) lib/rails/rack/logger.rb:26:in `call'
sprockets-rails (3.2.1) lib/sprockets/rails/quiet_assets.rb:13:in `call'
actionpack (5.2.2) lib/action_dispatch/middleware/remote_ip.rb:81:in `call'
actionpack (5.2.2) lib/action_dispatch/middleware/request_id.rb:27:in `call'
rack (2.0.6) lib/rack/method_override.rb:22:in `call'
rack (2.0.6) lib/rack/runtime.rb:22:in `call'
activesupport (5.2.2) lib/active_support/cache/strategy/local_cache_middleware.rb:29:in `call'
actionpack (5.2.2) lib/action_dispatch/middleware/executor.rb:14:in `call'
actionpack (5.2.2) lib/action_dispatch/middleware/static.rb:127:in `call'
rack (2.0.6) lib/rack/sendfile.rb:111:in `call'
railties (5.2.2) lib/rails/engine.rb:524:in `call'
puma (3.12.0) lib/puma/configuration.rb:225:in `call'
puma (3.12.0) lib/puma/server.rb:658:in `handle_request'
puma (3.12.0) lib/puma/server.rb:472:in `process_client'
puma (3.12.0) lib/puma/server.rb:332:in `block in run'
puma (3.12.0) lib/puma/thread_pool.rb:133:in `block in spawn_thread'
Started GET "/courses/index" for 127.0.0.1 at 2018-12-15 22:32:06 +0530
  
ActionController::RoutingError (No route matches [GET] "/courses/index"):
=======
Started GET "/pages/index" for 127.0.0.1 at 2018-12-15 02:06:20 +0530
Processing by PagesController#index as HTML
  Rendering pages/index.html.erb within layouts/application
  Rendered pages/index.html.erb within layouts/application (0.3ms)
Completed 500 Internal Server Error in 4797ms (ActiveRecord: 0.0ms)


  
ActionView::Template::Error (couldn't find file 'jquery' with type 'application/javascript'
Checked in these paths: 
  /home/vips/app_rails/app/assets/config
  /home/vips/app_rails/app/assets/images
  /home/vips/app_rails/app/assets/javascripts
  /home/vips/app_rails/app/assets/stylesheets
  /var/lib/gems/2.3.0/gems/coffee-rails-4.2.2/lib/assets/javascripts
  /var/lib/gems/2.3.0/gems/actioncable-5.2.2/lib/assets/compiled
  /var/lib/gems/2.3.0/gems/activestorage-5.2.2/app/assets/javascripts
  /var/lib/gems/2.3.0/gems/actionview-5.2.2/lib/assets/compiled
  /var/lib/gems/2.3.0/gems/turbolinks-source-5.2.0/lib/assets/javascripts
  /home/vips/app_rails/node_modules
  /var/lib/gems/2.3.0/gems/bootstrap-sass-3.3.7/assets/stylesheets
  /var/lib/gems/2.3.0/gems/bootstrap-sass-3.3.7/assets/javascripts
  /var/lib/gems/2.3.0/gems/bootstrap-sass-3.3.7/assets/fonts
  /var/lib/gems/2.3.0/gems/bootstrap-sass-3.3.7/assets/images):
     5:     <%= csrf_meta_tags %>
     6:     <%= csp_meta_tag %>
     7: 
     8:     <%= stylesheet_link_tag    'application', media: 'all', 'data-turbolinks-track': 'reload' %>
     9:     <%= javascript_include_tag 'application', 'data-turbolinks-track': 'reload' %>
    10:   </head>
    11: 
  
app/assets/javascripts/application.js:17
app/views/layouts/application.html.erb:8:in `_app_views_layouts_application_html_erb___1467662468734964563_21430520'
Started GET "/pages/index" for 127.0.0.1 at 2018-12-15 02:08:36 +0530
Processing by PagesController#index as HTML
  Rendering pages/index.html.erb within layouts/application
  Rendered pages/index.html.erb within layouts/application (1.6ms)
Completed 500 Internal Server Error in 318ms (ActiveRecord: 0.0ms)


  
ActionView::Template::Error (couldn't find file 'jquery' with type 'application/javascript'
Checked in these paths: 
  /home/vips/app_rails/app/assets/config
  /home/vips/app_rails/app/assets/images
  /home/vips/app_rails/app/assets/javascripts
  /home/vips/app_rails/app/assets/stylesheets
  /var/lib/gems/2.3.0/gems/coffee-rails-4.2.2/lib/assets/javascripts
  /var/lib/gems/2.3.0/gems/actioncable-5.2.2/lib/assets/compiled
  /var/lib/gems/2.3.0/gems/activestorage-5.2.2/app/assets/javascripts
  /var/lib/gems/2.3.0/gems/actionview-5.2.2/lib/assets/compiled
  /var/lib/gems/2.3.0/gems/turbolinks-source-5.2.0/lib/assets/javascripts
  /home/vips/app_rails/node_modules
  /var/lib/gems/2.3.0/gems/bootstrap-sass-3.3.7/assets/stylesheets
  /var/lib/gems/2.3.0/gems/bootstrap-sass-3.3.7/assets/javascripts
  /var/lib/gems/2.3.0/gems/bootstrap-sass-3.3.7/assets/fonts
  /var/lib/gems/2.3.0/gems/bootstrap-sass-3.3.7/assets/images):
     5:     <%= csrf_meta_tags %>
     6:     <%= csp_meta_tag %>
     7: 
     8:     <%= stylesheet_link_tag    'application', media: 'all', 'data-turbolinks-track': 'reload' %>
     9:     <%= javascript_include_tag 'application', 'data-turbolinks-track': 'reload' %>
    10:   </head>
    11: 
  
app/assets/javascripts/application.js:17
app/views/layouts/application.html.erb:8:in `_app_views_layouts_application_html_erb___1456287089228495134_33582820'
Started GET "/" for 127.0.0.1 at 2018-12-15 02:09:30 +0530
  
NoMethodError (undefined method `to' for #<ActionDispatch::Routing::Mapper:0x007f6c85bff010>):
  
config/routes.rb:2:in `block in <main>'
config/routes.rb:1:in `<main>'
Started GET "/" for 127.0.0.1 at 2018-12-15 02:09:41 +0530
  
NoMethodError (undefined method `to' for #<ActionDispatch::Routing::Mapper:0x007f6c8652bf08>):
  
config/routes.rb:2:in `block in <main>'
config/routes.rb:1:in `<main>'
Started GET "/" for 127.0.0.1 at 2018-12-15 02:09:56 +0530
Processing by Rails::WelcomeController#index as HTML
  Rendering /var/lib/gems/2.3.0/gems/railties-5.2.2/lib/rails/templates/rails/welcome/index.html.erb
  Rendered /var/lib/gems/2.3.0/gems/railties-5.2.2/lib/rails/templates/rails/welcome/index.html.erb (3.2ms)
Completed 200 OK in 6ms (Views: 4.6ms | ActiveRecord: 0.0ms)


Started GET "/pages/index" for 127.0.0.1 at 2018-12-15 02:10:04 +0530
Processing by PagesController#index as HTML
  Rendering pages/index.html.erb within layouts/application
  Rendered pages/index.html.erb within layouts/application (0.5ms)
Completed 500 Internal Server Error in 23ms (ActiveRecord: 0.0ms)


  
ActionView::Template::Error (couldn't find file 'jquery' with type 'application/javascript'
Checked in these paths: 
  /home/vips/app_rails/app/assets/config
  /home/vips/app_rails/app/assets/images
  /home/vips/app_rails/app/assets/javascripts
  /home/vips/app_rails/app/assets/stylesheets
  /var/lib/gems/2.3.0/gems/coffee-rails-4.2.2/lib/assets/javascripts
  /var/lib/gems/2.3.0/gems/actioncable-5.2.2/lib/assets/compiled
  /var/lib/gems/2.3.0/gems/activestorage-5.2.2/app/assets/javascripts
  /var/lib/gems/2.3.0/gems/actionview-5.2.2/lib/assets/compiled
  /var/lib/gems/2.3.0/gems/turbolinks-source-5.2.0/lib/assets/javascripts
  /home/vips/app_rails/node_modules
  /var/lib/gems/2.3.0/gems/bootstrap-sass-3.3.7/assets/stylesheets
  /var/lib/gems/2.3.0/gems/bootstrap-sass-3.3.7/assets/javascripts
  /var/lib/gems/2.3.0/gems/bootstrap-sass-3.3.7/assets/fonts
  /var/lib/gems/2.3.0/gems/bootstrap-sass-3.3.7/assets/images):
     5:     <%= csrf_meta_tags %>
     6:     <%= csp_meta_tag %>
     7: 
     8:     <%= stylesheet_link_tag    'application', media: 'all', 'data-turbolinks-track': 'reload' %>
     9:     <%= javascript_include_tag 'application', 'data-turbolinks-track': 'reload' %>
    10:   </head>
    11: 
  
app/assets/javascripts/application.js:17
app/views/layouts/application.html.erb:8:in `_app_views_layouts_application_html_erb___1456287089228495134_70052043539620'
Started GET "/pages/index" for 127.0.0.1 at 2018-12-15 02:10:36 +0530
Processing by PagesController#index as HTML
  Rendering pages/index.html.erb within layouts/application
  Rendered pages/index.html.erb within layouts/application (0.4ms)
Completed 200 OK in 862ms (Views: 860.5ms | ActiveRecord: 0.0ms)


Started GET "/pages/index" for 127.0.0.1 at 2018-12-15 02:13:59 +0530
Processing by PagesController#index as HTML
  Rendering pages/index.html.erb within layouts/application
  Rendered pages/index.html.erb within layouts/application (0.4ms)
Completed 200 OK in 47ms (Views: 42.6ms | ActiveRecord: 0.0ms)


Started GET "/pages/index" for 127.0.0.1 at 2018-12-15 02:14:36 +0530
Processing by PagesController#index as HTML
  Rendering pages/index.html.erb within layouts/application
  Rendered pages/index.html.erb within layouts/application (0.5ms)
  Rendered layouts/_nav.html.erb (0.7ms)
Completed 200 OK in 51ms (Views: 48.6ms | ActiveRecord: 0.0ms)


Started GET "/pages/index" for 127.0.0.1 at 2018-12-15 02:15:06 +0530
Processing by PagesController#index as HTML
  Rendering pages/index.html.erb within layouts/application
  Rendered pages/index.html.erb within layouts/application (0.6ms)
  Rendered layouts/_nav.html.erb (0.4ms)
Completed 200 OK in 47ms (Views: 45.5ms | ActiveRecord: 0.0ms)


Started GET "/pages/index" for 127.0.0.1 at 2018-12-15 02:15:38 +0530
Processing by PagesController#index as HTML
  Rendering pages/index.html.erb within layouts/application
  Rendered pages/index.html.erb within layouts/application (0.4ms)
  Rendered layouts/_nav.html.erb (0.4ms)
Completed 200 OK in 56ms (Views: 54.3ms | ActiveRecord: 0.0ms)


Started GET "/pages/index" for 127.0.0.1 at 2018-12-15 02:15:38 +0530
Processing by PagesController#index as HTML
  Rendering pages/index.html.erb within layouts/application
  Rendered pages/index.html.erb within layouts/application (0.5ms)
  Rendered layouts/_nav.html.erb (0.8ms)
Completed 200 OK in 64ms (Views: 61.4ms | ActiveRecord: 0.0ms)


Started GET "/pages/index" for 127.0.0.1 at 2018-12-15 02:15:39 +0530
Processing by PagesController#index as HTML
  Rendering pages/index.html.erb within layouts/application
  Rendered pages/index.html.erb within layouts/application (0.6ms)
  Rendered layouts/_nav.html.erb (0.3ms)
Completed 200 OK in 50ms (Views: 49.0ms | ActiveRecord: 0.0ms)


Started GET "/pages/index" for 127.0.0.1 at 2018-12-15 02:15:40 +0530
Processing by PagesController#index as HTML
  Rendering pages/index.html.erb within layouts/application
  Rendered pages/index.html.erb within layouts/application (0.5ms)
  Rendered layouts/_nav.html.erb (0.4ms)
Completed 200 OK in 54ms (Views: 52.2ms | ActiveRecord: 0.0ms)


Started GET "/pages/index" for 127.0.0.1 at 2018-12-15 02:15:40 +0530
Processing by PagesController#index as HTML
  Rendering pages/index.html.erb within layouts/application
  Rendered pages/index.html.erb within layouts/application (0.6ms)
  Rendered layouts/_nav.html.erb (0.5ms)
Completed 200 OK in 56ms (Views: 54.7ms | ActiveRecord: 0.0ms)


Started GET "/pages/index" for 127.0.0.1 at 2018-12-15 11:03:17 +0530
Processing by PagesController#index as HTML
  Rendering pages/index.html.erb within layouts/application
  Rendered pages/index.html.erb within layouts/application (0.6ms)
  Rendered layouts/_nav.html.erb (0.3ms)
Completed 200 OK in 328ms (Views: 321.0ms | ActiveRecord: 0.0ms)


Started GET "/pages/index" for 127.0.0.1 at 2018-12-15 11:03:37 +0530
Processing by PagesController#index as HTML
  Rendering pages/index.html.erb within layouts/application
  Rendered pages/index.html.erb within layouts/application (1.2ms)
  Rendered layouts/_nav.html.erb (0.4ms)
Completed 200 OK in 48ms (Views: 46.3ms | ActiveRecord: 0.0ms)


Started GET "/pages/index" for 127.0.0.1 at 2018-12-15 11:05:30 +0530
Processing by PagesController#index as HTML
  Rendering pages/index.html.erb within layouts/application
  Rendered pages/index.html.erb within layouts/application (0.4ms)
  Rendered layouts/_nav.html.erb (1.0ms)
Completed 200 OK in 45ms (Views: 43.6ms | ActiveRecord: 0.0ms)


Started GET "/pages/index" for 127.0.0.1 at 2018-12-15 11:06:05 +0530
Processing by PagesController#index as HTML
  Rendering pages/index.html.erb within layouts/application
  Rendered pages/index.html.erb within layouts/application (0.4ms)
  Rendered layouts/_nav.html.erb (0.3ms)
Completed 200 OK in 68ms (Views: 66.8ms | ActiveRecord: 0.0ms)


Started GET "/pages/index" for 127.0.0.1 at 2018-12-15 11:10:04 +0530
Processing by PagesController#index as HTML
  Rendering pages/index.html.erb within layouts/application
  Rendered pages/index.html.erb within layouts/application (0.4ms)
  Rendered layouts/_nav.html.erb (0.3ms)
Completed 200 OK in 56ms (Views: 54.6ms | ActiveRecord: 0.0ms)


Started GET "/pages/index" for 127.0.0.1 at 2018-12-15 11:12:52 +0530
Processing by PagesController#index as HTML
  Rendering pages/index.html.erb within layouts/application
  Rendered pages/index.html.erb within layouts/application (0.4ms)
  Rendered layouts/_nav.html.erb (0.3ms)
Completed 200 OK in 49ms (Views: 45.2ms | ActiveRecord: 0.0ms)


Started GET "/pages/index" for 127.0.0.1 at 2018-12-15 11:23:10 +0530
Processing by PagesController#index as HTML
  Rendering pages/index.html.erb within layouts/application
  Rendered pages/index.html.erb within layouts/application (0.5ms)
Completed 500 Internal Server Error in 2133ms (ActiveRecord: 0.0ms)


  
ActionView::Template::Error (Invalid CSS after "-height: 1.8": expected "{", was ";"):
     5:     <%= csrf_meta_tags %>
     6:     <%= csp_meta_tag %>
     7: 
     8:     <%= stylesheet_link_tag    'application', media: 'all', 'data-turbolinks-track': 'reload' %>
     9:     <%= javascript_include_tag 'application', 'data-turbolinks-track': 'reload' %>
    10:   </head>
    11: 
  
app/assets/stylesheets/_footer.css.scss:47
app/views/layouts/application.html.erb:8:in `_app_views_layouts_application_html_erb___962987615209038764_42916840'
Started GET "/pages/index" for 127.0.0.1 at 2018-12-15 11:23:44 +0530
Processing by PagesController#index as HTML
  Rendering pages/index.html.erb within layouts/application
  Rendered pages/index.html.erb within layouts/application (0.7ms)
Completed 500 Internal Server Error in 1470ms (ActiveRecord: 0.0ms)


  
ActionView::Template::Error (Invalid CSS after "-height: 1.8": expected "{", was ";"):
     5:     <%= csrf_meta_tags %>
     6:     <%= csp_meta_tag %>
     7: 
     8:     <%= stylesheet_link_tag    'application', media: 'all', 'data-turbolinks-track': 'reload' %>
     9:     <%= javascript_include_tag 'application', 'data-turbolinks-track': 'reload' %>
    10:   </head>
    11: 
  
app/assets/stylesheets/_footer.css.scss:45
app/views/layouts/application.html.erb:8:in `_app_views_layouts_application_html_erb___962987615209038764_70112033235000'
Started GET "/pages/index" for 127.0.0.1 at 2018-12-15 11:26:15 +0530
Processing by PagesController#index as HTML
  Rendering pages/index.html.erb within layouts/application
  Rendered pages/index.html.erb within layouts/application (0.7ms)
  Rendered layouts/_nav.html.erb (0.4ms)
  Rendered layouts/_foot.html.erb (0.2ms)
Completed 200 OK in 1655ms (Views: 1651.9ms | ActiveRecord: 0.0ms)


Started GET "/pages/index" for 127.0.0.1 at 2018-12-15 11:30:47 +0530
Processing by PagesController#index as HTML
  Rendering pages/index.html.erb within layouts/application
  Rendered pages/index.html.erb within layouts/application (0.8ms)
  Rendered layouts/_nav.html.erb (1.3ms)
  Rendered layouts/_foot.html.erb (0.3ms)
Completed 200 OK in 2385ms (Views: 2378.0ms | ActiveRecord: 0.0ms)


Started GET "/pages/index" for 127.0.0.1 at 2018-12-15 11:30:52 +0530
Processing by PagesController#index as HTML
  Rendering pages/index.html.erb within layouts/application
  Rendered pages/index.html.erb within layouts/application (0.4ms)
  Rendered layouts/_nav.html.erb (0.3ms)
  Rendered layouts/_foot.html.erb (0.4ms)
Completed 200 OK in 68ms (Views: 66.3ms | ActiveRecord: 0.0ms)


Started GET "/pages/index" for 127.0.0.1 at 2018-12-15 11:31:34 +0530
Processing by PagesController#index as HTML
  Rendering pages/index.html.erb within layouts/application
  Rendered pages/index.html.erb within layouts/application (0.3ms)
  Rendered layouts/_nav.html.erb (0.3ms)
  Rendered layouts/_foot.html.erb (0.2ms)
Completed 200 OK in 3722ms (Views: 3719.4ms | ActiveRecord: 0.0ms)


Started GET "/" for 127.0.0.1 at 2018-12-15 11:38:50 +0530
Processing by PagesController#index as HTML
  Rendering pages/index.html.erb within layouts/application
  Rendered pages/index.html.erb within layouts/application (0.4ms)
  Rendered layouts/_nav.html.erb (0.5ms)
  Rendered layouts/_foot.html.erb (0.4ms)
Completed 200 OK in 64ms (Views: 63.6ms | ActiveRecord: 0.0ms)


Started GET "/" for 127.0.0.1 at 2018-12-15 11:38:54 +0530
Processing by PagesController#index as HTML
  Rendering pages/index.html.erb within layouts/application
  Rendered pages/index.html.erb within layouts/application (0.4ms)
  Rendered layouts/_nav.html.erb (1.3ms)
  Rendered layouts/_foot.html.erb (0.4ms)
Completed 200 OK in 72ms (Views: 70.7ms | ActiveRecord: 0.0ms)


Started GET "/" for 127.0.0.1 at 2018-12-15 11:40:14 +0530
Processing by PagesController#index as HTML
  Rendering pages/index.html.erb within layouts/application
  Rendered pages/index.html.erb within layouts/application (0.5ms)
  Rendered layouts/_nav.html.erb (0.3ms)
  Rendered layouts/_foot.html.erb (0.3ms)
Completed 200 OK in 115ms (Views: 114.0ms | ActiveRecord: 0.0ms)


Started GET "/" for 127.0.0.1 at 2018-12-15 11:40:35 +0530
Processing by PagesController#index as HTML
  Rendering pages/index.html.erb within layouts/application
  Rendered pages/index.html.erb within layouts/application (1.3ms)
  Rendered layouts/_nav.html.erb (0.3ms)
  Rendered layouts/_foot.html.erb (0.5ms)
Completed 200 OK in 87ms (Views: 82.9ms | ActiveRecord: 0.0ms)


  [1m[35m (0.1ms)[0m  [1m[34mSELECT sqlite_version(*)[0m
  ↳ /usr/local/bin/rake:23
  [1m[35m (117.4ms)[0m  [1m[35mCREATE TABLE "schema_migrations" ("version" varchar NOT NULL PRIMARY KEY)[0m
  ↳ /usr/local/bin/rake:23
  [1m[35m (138.6ms)[0m  [1m[35mCREATE TABLE "ar_internal_metadata" ("key" varchar NOT NULL PRIMARY KEY, "value" varchar, "created_at" datetime NOT NULL, "updated_at" datetime NOT NULL)[0m
  ↳ /usr/local/bin/rake:23
  [1m[35m (1.0ms)[0m  [1m[34mSELECT "schema_migrations"."version" FROM "schema_migrations" ORDER BY "schema_migrations"."version" ASC[0m
  ↳ /usr/local/bin/rake:23
Migrating to DeviseCreateUsers (20181215061114)
  [1m[35m (0.1ms)[0m  [1m[36mbegin transaction[0m
  ↳ /usr/local/bin/rake:23
  [1m[35m (0.5ms)[0m  [1m[35mCREATE TABLE "users" ("id" integer PRIMARY KEY AUTOINCREMENT NOT NULL, "username" varchar DEFAULT '' NOT NULL, "email" varchar DEFAULT '' NOT NULL, "encrypted_password" varchar DEFAULT '' NOT NULL, "reset_password_token" varchar, "reset_password_sent_at" datetime, "remember_created_at" datetime, "confirmation_token" varchar, "confirmed_at" datetime, "confirmation_sent_at" datetime, "unconfirmed_email" varchar, "created_at" datetime NOT NULL, "updated_at" datetime NOT NULL)[0m
  ↳ db/migrate/20181215061114_devise_create_users.rb:5
  [1m[35m (0.2ms)[0m  [1m[35mCREATE UNIQUE INDEX "index_users_on_email" ON "users" ("email")[0m
  ↳ db/migrate/20181215061114_devise_create_users.rb:40
  [1m[35m (0.1ms)[0m  [1m[35mCREATE UNIQUE INDEX "index_users_on_reset_password_token" ON "users" ("reset_password_token")[0m
  ↳ db/migrate/20181215061114_devise_create_users.rb:41
  [1m[35m (0.1ms)[0m  [1m[35mCREATE UNIQUE INDEX "index_users_on_confirmation_token" ON "users" ("confirmation_token")[0m
  ↳ db/migrate/20181215061114_devise_create_users.rb:42
  [1m[36mActiveRecord::SchemaMigration Create (0.2ms)[0m  [1m[32mINSERT INTO "schema_migrations" ("version") VALUES (?)[0m  [["version", "20181215061114"]]
  ↳ /usr/local/bin/rake:23
  [1m[35m (139.2ms)[0m  [1m[36mcommit transaction[0m
  ↳ /usr/local/bin/rake:23
  [1m[36mActiveRecord::InternalMetadata Load (0.3ms)[0m  [1m[34mSELECT  "ar_internal_metadata".* FROM "ar_internal_metadata" WHERE "ar_internal_metadata"."key" = ? LIMIT ?[0m  [["key", "environment"], ["LIMIT", 1]]
  ↳ /usr/local/bin/rake:23
  [1m[35m (0.1ms)[0m  [1m[36mbegin transaction[0m
  ↳ /usr/local/bin/rake:23
  [1m[36mActiveRecord::InternalMetadata Create (0.3ms)[0m  [1m[32mINSERT INTO "ar_internal_metadata" ("key", "value", "created_at", "updated_at") VALUES (?, ?, ?, ?)[0m  [["key", "environment"], ["value", "development"], ["created_at", "2018-12-15 06:16:05.194161"], ["updated_at", "2018-12-15 06:16:05.194161"]]
  ↳ /usr/local/bin/rake:23
  [1m[35m (64.4ms)[0m  [1m[36mcommit transaction[0m
  ↳ /usr/local/bin/rake:23
  [1m[35m (0.1ms)[0m  [1m[34mSELECT "schema_migrations"."version" FROM "schema_migrations" ORDER BY "schema_migrations"."version" ASC[0m
  ↳ /usr/local/bin/rake:23
Started GET "/users/signup" for 127.0.0.1 at 2018-12-15 11:53:48 +0530
  [1m[35m (0.1ms)[0m  [1m[34mSELECT "schema_migrations"."version" FROM "schema_migrations" ORDER BY "schema_migrations"."version" ASC[0m
  ↳ /var/lib/gems/2.3.0/gems/activerecord-5.2.2/lib/active_record/log_subscriber.rb:98
  
ActionController::RoutingError (No route matches [GET] "/users/signup"):
>>>>>>> users
  
actionpack (5.2.2) lib/action_dispatch/middleware/debug_exceptions.rb:65:in `call'
web-console (3.7.0) lib/web_console/middleware.rb:135:in `call_app'
web-console (3.7.0) lib/web_console/middleware.rb:30:in `block in call'
web-console (3.7.0) lib/web_console/middleware.rb:20:in `catch'
web-console (3.7.0) lib/web_console/middleware.rb:20:in `call'
actionpack (5.2.2) lib/action_dispatch/middleware/show_exceptions.rb:33:in `call'
railties (5.2.2) lib/rails/rack/logger.rb:38:in `call_app'
railties (5.2.2) lib/rails/rack/logger.rb:26:in `block in call'
activesupport (5.2.2) lib/active_support/tagged_logging.rb:71:in `block in tagged'
activesupport (5.2.2) lib/active_support/tagged_logging.rb:28:in `tagged'
activesupport (5.2.2) lib/active_support/tagged_logging.rb:71:in `tagged'
railties (5.2.2) lib/rails/rack/logger.rb:26:in `call'
sprockets-rails (3.2.1) lib/sprockets/rails/quiet_assets.rb:13:in `call'
actionpack (5.2.2) lib/action_dispatch/middleware/remote_ip.rb:81:in `call'
actionpack (5.2.2) lib/action_dispatch/middleware/request_id.rb:27:in `call'
rack (2.0.6) lib/rack/method_override.rb:22:in `call'
rack (2.0.6) lib/rack/runtime.rb:22:in `call'
activesupport (5.2.2) lib/active_support/cache/strategy/local_cache_middleware.rb:29:in `call'
actionpack (5.2.2) lib/action_dispatch/middleware/executor.rb:14:in `call'
actionpack (5.2.2) lib/action_dispatch/middleware/static.rb:127:in `call'
rack (2.0.6) lib/rack/sendfile.rb:111:in `call'
railties (5.2.2) lib/rails/engine.rb:524:in `call'
puma (3.12.0) lib/puma/configuration.rb:225:in `call'
puma (3.12.0) lib/puma/server.rb:658:in `handle_request'
puma (3.12.0) lib/puma/server.rb:472:in `process_client'
puma (3.12.0) lib/puma/server.rb:332:in `block in run'
puma (3.12.0) lib/puma/thread_pool.rb:133:in `block in spawn_thread'
<<<<<<< HEAD
Started GET "/" for 127.0.0.1 at 2018-12-15 22:32:10 +0530
Processing by Rails::WelcomeController#index as HTML
  Rendering /var/lib/gems/2.3.0/gems/railties-5.2.2/lib/rails/templates/rails/welcome/index.html.erb
  Rendered /var/lib/gems/2.3.0/gems/railties-5.2.2/lib/rails/templates/rails/welcome/index.html.erb (4.6ms)
Completed 200 OK in 10ms (Views: 7.2ms | ActiveRecord: 0.0ms)
=======
Started GET "/users/sign_up" for 127.0.0.1 at 2018-12-15 11:53:56 +0530
Processing by Devise::RegistrationsController#new as HTML
  Rendering devise/registrations/new.html.erb within layouts/application
  Rendered devise/shared/_links.html.erb (1.4ms)
  Rendered devise/registrations/new.html.erb within layouts/application (329.0ms)
  Rendered layouts/_nav.html.erb (0.7ms)
  Rendered layouts/_foot.html.erb (0.2ms)
Completed 200 OK in 775ms (Views: 743.7ms | ActiveRecord: 2.2ms)


Started POST "/users" for 127.0.0.1 at 2018-12-15 11:54:26 +0530
Processing by Devise::RegistrationsController#create as HTML
  Parameters: {"utf8"=>"✓", "authenticity_token"=>"0lPwoKbTRjkMczgtunI6sj3WNaIIWTblVddy8ESb7M0/LCYPqHTt+E/eA70uDV4qnEMzzP8Xy8eJ3nh+qmhn5Q==", "user"=>{"email"=>"bishoo191297@gmail.com", "password"=>"[FILTERED]", "password_confirmation"=>"[FILTERED]"}, "commit"=>"Sign up"}
  [1m[35m (0.1ms)[0m  [1m[36mbegin transaction[0m
  ↳ /var/lib/gems/2.3.0/gems/activerecord-5.2.2/lib/active_record/log_subscriber.rb:98
  [1m[36mUser Exists (0.2ms)[0m  [1m[34mSELECT  1 AS one FROM "users" WHERE "users"."email" = ? LIMIT ?[0m  [["email", "bishoo191297@gmail.com"], ["LIMIT", 1]]
  ↳ /var/lib/gems/2.3.0/gems/activerecord-5.2.2/lib/active_record/log_subscriber.rb:98
  [1m[36mUser Create (1.0ms)[0m  [1m[32mINSERT INTO "users" ("email", "encrypted_password", "created_at", "updated_at") VALUES (?, ?, ?, ?)[0m  [["email", "bishoo191297@gmail.com"], ["encrypted_password", "$2a$11$AI0wli4lHY3vCFJpLzia7OI6ct/ejEtaoZ0KU4BRTUHvNPegF65d2"], ["created_at", "2018-12-15 06:24:26.384608"], ["updated_at", "2018-12-15 06:24:26.384608"]]
  ↳ /var/lib/gems/2.3.0/gems/activerecord-5.2.2/lib/active_record/log_subscriber.rb:98
  [1m[35m (88.3ms)[0m  [1m[36mcommit transaction[0m
  ↳ /var/lib/gems/2.3.0/gems/activerecord-5.2.2/lib/active_record/log_subscriber.rb:98
Redirected to http://0.0.0.0:3000/
Completed 302 Found in 279ms (ActiveRecord: 89.6ms)


Started GET "/" for 127.0.0.1 at 2018-12-15 11:54:26 +0530
Processing by PagesController#index as HTML
  Rendering pages/index.html.erb within layouts/application
  Rendered pages/index.html.erb within layouts/application (1.1ms)
  Rendered layouts/_nav.html.erb (0.4ms)
  Rendered layouts/_foot.html.erb (0.4ms)
Completed 200 OK in 72ms (Views: 70.2ms | ActiveRecord: 0.0ms)


  [1m[36mUser Load (0.2ms)[0m  [1m[34mSELECT  "users".* FROM "users" ORDER BY "users"."id" DESC LIMIT ?[0m  [["LIMIT", 1]]
Started GET "/" for 127.0.0.1 at 2018-12-15 12:01:22 +0530
Processing by PagesController#index as HTML
  Rendering pages/index.html.erb within layouts/application
  Rendered pages/index.html.erb within layouts/application (0.6ms)
  Rendered layouts/_nav.html.erb (0.4ms)
  Rendered layouts/_foot.html.erb (0.3ms)
Completed 200 OK in 59ms (Views: 57.5ms | ActiveRecord: 0.0ms)


Started GET "/" for 127.0.0.1 at 2018-12-15 12:01:23 +0530
Processing by PagesController#index as HTML
  Rendering pages/index.html.erb within layouts/application
  Rendered pages/index.html.erb within layouts/application (0.6ms)
  Rendered layouts/_nav.html.erb (1.4ms)
  Rendered layouts/_foot.html.erb (0.3ms)
Completed 200 OK in 61ms (Views: 59.9ms | ActiveRecord: 0.0ms)


Started GET "/" for 127.0.0.1 at 2018-12-15 12:01:23 +0530
Processing by PagesController#index as HTML
  Rendering pages/index.html.erb within layouts/application
  Rendered pages/index.html.erb within layouts/application (0.3ms)
  Rendered layouts/_nav.html.erb (0.3ms)
  Rendered layouts/_foot.html.erb (0.3ms)
Completed 200 OK in 64ms (Views: 62.7ms | ActiveRecord: 0.0ms)


Started GET "/" for 127.0.0.1 at 2018-12-15 12:01:24 +0530
Processing by PagesController#index as HTML
  Rendering pages/index.html.erb within layouts/application
  Rendered pages/index.html.erb within layouts/application (0.6ms)
  Rendered layouts/_nav.html.erb (0.3ms)
  Rendered layouts/_foot.html.erb (0.2ms)
Completed 200 OK in 75ms (Views: 73.2ms | ActiveRecord: 0.0ms)


Started GET "/" for 127.0.0.1 at 2018-12-15 12:03:21 +0530
Processing by PagesController#index as HTML
  Rendering pages/index.html.erb within layouts/application
  Rendered pages/index.html.erb within layouts/application (0.4ms)
  Rendered layouts/_nav.html.erb (0.5ms)
  Rendered layouts/_foot.html.erb (0.3ms)
Completed 200 OK in 62ms (Views: 60.7ms | ActiveRecord: 0.0ms)


Started GET "/" for 127.0.0.1 at 2018-12-15 12:06:06 +0530
Processing by PagesController#index as HTML
  Rendering pages/index.html.erb within layouts/application
  Rendered pages/index.html.erb within layouts/application (0.7ms)
  Rendered layouts/_nav.html.erb (0.4ms)
  Rendered layouts/_foot.html.erb (1.8ms)
Completed 200 OK in 414ms (Views: 384.6ms | ActiveRecord: 0.0ms)


Started GET "/users/sign_up" for 127.0.0.1 at 2018-12-15 12:06:20 +0530
Processing by Devise::RegistrationsController#new as HTML
  [1m[36mUser Load (58.1ms)[0m  [1m[34mSELECT  "users".* FROM "users" WHERE "users"."id" = ? ORDER BY "users"."id" ASC LIMIT ?[0m  [["id", 1], ["LIMIT", 1]]
  ↳ /var/lib/gems/2.3.0/gems/activerecord-5.2.2/lib/active_record/log_subscriber.rb:98
Redirected to http://0.0.0.0:3000/
Filter chain halted as :require_no_authentication rendered or redirected
Completed 302 Found in 572ms (ActiveRecord: 71.2ms)


Started GET "/" for 127.0.0.1 at 2018-12-15 12:06:20 +0530
Processing by PagesController#index as HTML
  Rendering pages/index.html.erb within layouts/application
  Rendered pages/index.html.erb within layouts/application (0.4ms)
  Rendered layouts/_nav.html.erb (0.3ms)
  Rendered layouts/_foot.html.erb (0.2ms)
Completed 200 OK in 132ms (Views: 131.5ms | ActiveRecord: 0.0ms)


Started GET "/" for 127.0.0.1 at 2018-12-15 12:06:24 +0530
Processing by PagesController#index as HTML
  Rendering pages/index.html.erb within layouts/application
  Rendered pages/index.html.erb within layouts/application (0.5ms)
  Rendered layouts/_nav.html.erb (0.3ms)
  Rendered layouts/_foot.html.erb (0.2ms)
Completed 200 OK in 67ms (Views: 65.8ms | ActiveRecord: 0.0ms)


Started GET "/" for 127.0.0.1 at 2018-12-15 12:06:25 +0530
Processing by PagesController#index as HTML
  Rendering pages/index.html.erb within layouts/application
  Rendered pages/index.html.erb within layouts/application (0.4ms)
  Rendered layouts/_nav.html.erb (0.3ms)
  Rendered layouts/_foot.html.erb (0.2ms)
Completed 200 OK in 61ms (Views: 60.1ms | ActiveRecord: 0.0ms)


Started GET "/" for 127.0.0.1 at 2018-12-15 12:08:04 +0530
Processing by PagesController#index as HTML
  Rendering pages/index.html.erb within layouts/application
  Rendered pages/index.html.erb within layouts/application (0.3ms)
  Rendered layouts/_nav.html.erb (0.8ms)
  Rendered layouts/_foot.html.erb (0.3ms)
Completed 200 OK in 63ms (Views: 61.7ms | ActiveRecord: 0.0ms)


Started GET "/" for 127.0.0.1 at 2018-12-15 12:09:07 +0530
Processing by PagesController#index as HTML
  Rendering pages/index.html.erb within layouts/application
  Rendered pages/index.html.erb within layouts/application (0.4ms)
  Rendered layouts/_nav.html.erb (0.5ms)
  Rendered layouts/_foot.html.erb (0.3ms)
Completed 200 OK in 53ms (Views: 51.8ms | ActiveRecord: 0.0ms)


Started GET "/users/sign_up" for 127.0.0.1 at 2018-12-15 12:09:10 +0530
Processing by Devise::RegistrationsController#new as HTML
  [1m[36mUser Load (0.3ms)[0m  [1m[34mSELECT  "users".* FROM "users" WHERE "users"."id" = ? ORDER BY "users"."id" ASC LIMIT ?[0m  [["id", 1], ["LIMIT", 1]]
  ↳ /var/lib/gems/2.3.0/gems/activerecord-5.2.2/lib/active_record/log_subscriber.rb:98
Redirected to http://0.0.0.0:3000/
Filter chain halted as :require_no_authentication rendered or redirected
Completed 302 Found in 4ms (ActiveRecord: 0.3ms)


Started GET "/" for 127.0.0.1 at 2018-12-15 12:09:10 +0530
Processing by PagesController#index as HTML
  Rendering pages/index.html.erb within layouts/application
  Rendered pages/index.html.erb within layouts/application (0.4ms)
  Rendered layouts/_nav.html.erb (0.5ms)
  Rendered layouts/_foot.html.erb (0.2ms)
Completed 200 OK in 47ms (Views: 45.4ms | ActiveRecord: 0.0ms)


Started GET "/" for 127.0.0.1 at 2018-12-15 12:11:11 +0530
Processing by PagesController#index as HTML
  Rendering pages/index.html.erb within layouts/application
  Rendered pages/index.html.erb within layouts/application (0.3ms)
  Rendered layouts/_nav.html.erb (0.6ms)
  Rendered layouts/_foot.html.erb (0.2ms)
Completed 200 OK in 53ms (Views: 51.6ms | ActiveRecord: 0.0ms)


Started DELETE "/users/sign_out" for 127.0.0.1 at 2018-12-15 12:11:23 +0530
Processing by Devise::SessionsController#destroy as HTML
  Parameters: {"authenticity_token"=>"Qs1lGvB1DHKEjnStePiKykUm9TKxjGyABCpepIRdowCvsrO1/tKns8cjTz3sh+5S5LPzXEbCkaLYI1Qqaq4oKA=="}
  [1m[36mUser Load (0.2ms)[0m  [1m[34mSELECT  "users".* FROM "users" WHERE "users"."id" = ? ORDER BY "users"."id" ASC LIMIT ?[0m  [["id", 1], ["LIMIT", 1]]
  ↳ /var/lib/gems/2.3.0/gems/activerecord-5.2.2/lib/active_record/log_subscriber.rb:98
  [1m[35m (0.1ms)[0m  [1m[36mbegin transaction[0m
  ↳ /var/lib/gems/2.3.0/gems/activerecord-5.2.2/lib/active_record/log_subscriber.rb:98
  [1m[35m (0.1ms)[0m  [1m[36mcommit transaction[0m
  ↳ /var/lib/gems/2.3.0/gems/activerecord-5.2.2/lib/active_record/log_subscriber.rb:98
Redirected to http://0.0.0.0:3000/
Completed 302 Found in 42ms (ActiveRecord: 0.4ms)


Started GET "/" for 127.0.0.1 at 2018-12-15 12:11:23 +0530
Processing by PagesController#index as HTML
  Rendering pages/index.html.erb within layouts/application
  Rendered pages/index.html.erb within layouts/application (0.3ms)
  Rendered layouts/_nav.html.erb (0.6ms)
  Rendered layouts/_foot.html.erb (0.3ms)
Completed 200 OK in 50ms (Views: 48.1ms | ActiveRecord: 0.0ms)


Started GET "/users/sign_in" for 127.0.0.1 at 2018-12-15 12:11:27 +0530
Processing by Devise::SessionsController#new as HTML
  Rendering devise/sessions/new.html.erb within layouts/application
  Rendered devise/shared/_links.html.erb (1.4ms)
  Rendered devise/sessions/new.html.erb within layouts/application (74.7ms)
  Rendered layouts/_nav.html.erb (0.6ms)
  Rendered layouts/_foot.html.erb (0.2ms)
Completed 200 OK in 228ms (Views: 226.6ms | ActiveRecord: 0.0ms)


Started GET "/users/sign_up" for 127.0.0.1 at 2018-12-15 12:11:28 +0530
Processing by Devise::RegistrationsController#new as HTML
  Rendering devise/registrations/new.html.erb within layouts/application
  Rendered devise/shared/_links.html.erb (1.2ms)
  Rendered devise/registrations/new.html.erb within layouts/application (13.4ms)
  Rendered layouts/_nav.html.erb (0.8ms)
  Rendered layouts/_foot.html.erb (0.5ms)
Completed 200 OK in 108ms (Views: 106.0ms | ActiveRecord: 0.0ms)


Started DELETE "/users/sign_out" for 127.0.0.1 at 2018-12-15 12:11:30 +0530
Processing by Devise::SessionsController#destroy as HTML
  Parameters: {"authenticity_token"=>"TI2PR9/3cXz3oosZhIeTI8k5CGMQZT+ZkH6ZrlGtri8CiAZQIGAf6zh5cggf4QyUbw6Jxcdb2GAPlB1E+TBV+g=="}
Redirected to http://0.0.0.0:3000/
Filter chain halted as :verify_signed_out_user rendered or redirected
Completed 302 Found in 2ms (ActiveRecord: 0.0ms)


Started GET "/" for 127.0.0.1 at 2018-12-15 12:11:30 +0530
Processing by PagesController#index as HTML
  Rendering pages/index.html.erb within layouts/application
  Rendered pages/index.html.erb within layouts/application (1.9ms)
  Rendered layouts/_nav.html.erb (0.6ms)
  Rendered layouts/_foot.html.erb (0.4ms)
Completed 200 OK in 53ms (Views: 52.1ms | ActiveRecord: 0.0ms)


Started GET "/" for 127.0.0.1 at 2018-12-15 12:12:48 +0530
Processing by PagesController#index as HTML
  Rendering pages/index.html.erb within layouts/application
  Rendered pages/index.html.erb within layouts/application (0.3ms)
  Rendered layouts/_nav.html.erb (0.7ms)
  Rendered layouts/_foot.html.erb (0.3ms)
Completed 200 OK in 52ms (Views: 51.3ms | ActiveRecord: 0.0ms)


Started GET "/users/sign_in" for 127.0.0.1 at 2018-12-15 12:12:58 +0530
Processing by Devise::SessionsController#new as HTML
  Rendering devise/sessions/new.html.erb within layouts/application
  Rendered devise/shared/_links.html.erb (0.9ms)
  Rendered devise/sessions/new.html.erb within layouts/application (13.7ms)
  Rendered layouts/_nav.html.erb (0.6ms)
  Rendered layouts/_foot.html.erb (0.4ms)
Completed 200 OK in 59ms (Views: 57.4ms | ActiveRecord: 0.0ms)


Started GET "/users/sign_up" for 127.0.0.1 at 2018-12-15 12:12:59 +0530
Processing by Devise::RegistrationsController#new as HTML
  Rendering devise/registrations/new.html.erb within layouts/application
  Rendered devise/shared/_links.html.erb (1.5ms)
  Rendered devise/registrations/new.html.erb within layouts/application (14.1ms)
  Rendered layouts/_nav.html.erb (0.7ms)
  Rendered layouts/_foot.html.erb (0.3ms)
Completed 200 OK in 75ms (Views: 74.1ms | ActiveRecord: 0.0ms)


Started DELETE "/users/sign_out" for 127.0.0.1 at 2018-12-15 12:13:00 +0530
Processing by Devise::SessionsController#destroy as HTML
  Parameters: {"authenticity_token"=>"ATaCSBZsAbVtZN7bEL39xE+QqABFnLjZxt2t6WpUwmRPMwtf6ftvIqK/J8qL22Jz6acpppKiXyBZNykDwsk5sQ=="}
Redirected to http://0.0.0.0:3000/
Filter chain halted as :verify_signed_out_user rendered or redirected
Completed 302 Found in 1ms (ActiveRecord: 0.0ms)


Started GET "/" for 127.0.0.1 at 2018-12-15 12:13:00 +0530
Processing by PagesController#index as HTML
  Rendering pages/index.html.erb within layouts/application
  Rendered pages/index.html.erb within layouts/application (0.3ms)
  Rendered layouts/_nav.html.erb (1.3ms)
  Rendered layouts/_foot.html.erb (0.3ms)
Completed 200 OK in 87ms (Views: 84.1ms | ActiveRecord: 0.0ms)


Started GET "/users/sign_in" for 127.0.0.1 at 2018-12-15 12:13:10 +0530
Processing by Devise::SessionsController#new as HTML
  Rendering devise/sessions/new.html.erb within layouts/application
  Rendered devise/shared/_links.html.erb (1.5ms)
  Rendered devise/sessions/new.html.erb within layouts/application (19.8ms)
  Rendered layouts/_nav.html.erb (0.7ms)
  Rendered layouts/_foot.html.erb (0.2ms)
Completed 200 OK in 85ms (Views: 83.9ms | ActiveRecord: 0.0ms)


Started POST "/users/sign_in" for 127.0.0.1 at 2018-12-15 12:13:25 +0530
Processing by Devise::SessionsController#create as HTML
  Parameters: {"utf8"=>"✓", "authenticity_token"=>"mbuORujBkt83CYakct5BRF/Aj+OChnBP2lbkfcXExalhP4CWjLTeDSj5H1kXMe66s+hyeZ/cDQWmQ+fjrpoP0Q==", "user"=>{"email"=>"bishoo191297@gmail.com", "password"=>"[FILTERED]", "remember_me"=>"0"}, "commit"=>"Log in"}
  [1m[36mUser Load (0.4ms)[0m  [1m[34mSELECT  "users".* FROM "users" WHERE "users"."email" = ? ORDER BY "users"."id" ASC LIMIT ?[0m  [["email", "bishoo191297@gmail.com"], ["LIMIT", 1]]
  ↳ /var/lib/gems/2.3.0/gems/activerecord-5.2.2/lib/active_record/log_subscriber.rb:98
Redirected to http://0.0.0.0:3000/
Completed 302 Found in 464ms (ActiveRecord: 0.4ms)


Started GET "/" for 127.0.0.1 at 2018-12-15 12:13:26 +0530
Processing by PagesController#index as HTML
  Rendering pages/index.html.erb within layouts/application
  Rendered pages/index.html.erb within layouts/application (0.3ms)
  Rendered layouts/_nav.html.erb (1.7ms)
  Rendered layouts/_foot.html.erb (0.3ms)
Completed 200 OK in 56ms (Views: 55.1ms | ActiveRecord: 0.0ms)
>>>>>>> users


Started GET "/" for 127.0.0.1 at 2018-12-15 22:33:41 +0530
Processing by PagesController#index as HTML
  Rendering pages/index.html.erb within layouts/application
  Rendered pages/index.html.erb within layouts/application (0.8ms)
  Rendered layouts/_nav.html.erb (0.7ms)
  Rendered layouts/_foot.html.erb (0.3ms)
Completed 200 OK in 499ms (Views: 490.1ms)


Started GET "/assets/application-14d17e192a0a61dd74717940b31adf87888ab109927c25f46063ffce83b1643b.css" for 127.0.0.1 at 2018-12-15 22:33:42 +0530
Started GET "/assets/application-2c6c635b8f9ffb56e9447bb1382882fb751ea62303a45a0ae17d6e6d0e2b41a7.js" for 127.0.0.1 at 2018-12-15 22:33:42 +0530
